<?xml version="1.0" encoding="UTF-8"?>
<!-- Generated by org.testng.reporters.JUnitReportReporter -->
<testsuite hostname="MONIKA" failures="0" tests="5" name="org.test.TestRunnerClass" time="12.691" errors="0" timestamp="18 Apr 2024 15:46:00 GMT">
  <testcase classname="org.test.TestRunnerClass" name="paymentDetails" time="0.022"/>
  <testcase classname="org.test.TestRunnerClass" name="loginLaunch" time="0.754"/>
  <testcase classname="org.test.TestRunnerClass" name="enteringCredentialInScearchHotelPage" time="0.038"/>
  <testcase classname="org.test.TestRunnerClass" name="browserLaunch" time="11.816"/>
  <testcase classname="org.test.TestRunnerClass" name="conformationHotel" time="0.061"/>
</testsuite> <!-- org.test.TestRunnerClass -->
