<?xml version="1.0" encoding="UTF-8"?>
<!-- Generated by org.testng.reporters.JUnitReportReporter -->
<testsuite hostname="MONIKA" failures="0" tests="5" name="org.test.Test3" time="2.065" errors="0" timestamp="11 Apr 2024 13:13:16 GMT">
  <testcase classname="org.test.Test3" name="browserLaunch" time="1.965"/>
  <testcase classname="org.test.Test3" name="enteringCredentialInScearchHotelPage" time="0.020"/>
  <testcase classname="org.test.Test3" name="paymentDetails" time="0.017"/>
  <testcase classname="org.test.Test3" name="loginLaunch" time="0.036"/>
  <testcase classname="org.test.Test3" name="conformationHotel" time="0.027"/>
</testsuite> <!-- org.test.Test3 -->
