<?xml version="1.0" encoding="UTF-8"?>
<!-- Generated by org.testng.reporters.JUnitReportReporter -->
<testsuite hostname="MONIKA" failures="0" tests="3" name="org.data.dataPro" time="37.390" errors="0" timestamp="18 Apr 2024 16:33:50 GMT">
  <testcase classname="org.data.dataPro" name="test1" time="8.231"/>
  <testcase classname="org.data.dataPro" name="test1" time="10.490"/>
  <testcase classname="org.data.dataPro" name="test1" time="18.669"/>
</testsuite> <!-- org.data.dataPro -->
